-------------------------------------------------------------------------------
Test set: com.vytrack.runners.FailedTestRunner
-------------------------------------------------------------------------------
Tests run: 1, Failures: 1, Errors: 0, Skipped: 0, Time elapsed: 25.491 s <<< FAILURE! - in com.vytrack.runners.FailedTestRunner
Sales manager user(Accout Types)  Time elapsed: 25.375 s  <<< FAILURE!
java.lang.AssertionError

